[0;34m[2025-09-09 12:21:06][0m =========================================
[0;34m[2025-09-09 12:21:06][0m CARE COLLECTIVE DATABASE MAINTENANCE
[0;34m[2025-09-09 12:21:06][0m =========================================
[0;34m[2025-09-09 12:21:06][0m Started at: Tue Sep  9 12:21:06 PM CDT 2025
[0;34m[2025-09-09 12:21:06][0m Mode: DRY RUN
[0;34m[2025-09-09 12:21:06][0m Database: 127.0.0.1:54322/postgres
[0;34m[2025-09-09 12:21:07][0m 
[0;34m[2025-09-09 12:21:07][0m Testing database connection...
[0;32m[2025-09-09 12:21:07] ✓[0m Database connection successful
[0;34m[2025-09-09 12:21:07][0m Analyzing tables for maintenance needs...
[0;34m[2025-09-09 12:21:07][0m Tables needing maintenance (>10% dead tuples):
[1;33m[2025-09-09 12:21:07] ⚠[0m   help_requests: 43.75% dead tuples
[1;33m[2025-09-09 12:21:07] ⚠[0m   : % dead tuples
[0;34m[2025-09-09 12:21:07][0m Performing VACUUM operations...
[0;34m[2025-09-09 12:21:07][0m Checking help_requests for VACUUM needs...
[0;34m[2025-09-09 12:21:07][0m   help_requests: 43.75% dead tuples - no VACUUM needed
[0;34m[2025-09-09 12:21:07][0m Checking profiles for VACUUM needs...
[0;34m[2025-09-09 12:21:07][0m   profiles: 0.00% dead tuples - no VACUUM needed
[0;34m[2025-09-09 12:21:07][0m Checking contact_exchanges for VACUUM needs...
[0;34m[2025-09-09 12:21:07][0m   contact_exchanges: 0.00% dead tuples - no VACUUM needed
[0;34m[2025-09-09 12:21:07][0m Checking messages for VACUUM needs...
[0;34m[2025-09-09 12:21:07][0m   messages: 0.00% dead tuples - no VACUUM needed
[0;34m[2025-09-09 12:21:07][0m Checking audit_logs for VACUUM needs...
[0;34m[2025-09-09 12:21:07][0m   audit_logs: 0.00% dead tuples - no VACUUM needed
[0;34m[2025-09-09 12:21:07][0m Updating table statistics...
[0;34m[2025-09-09 12:21:07][0m DRY RUN: Would update statistics for all Care Collective tables
[0;34m[2025-09-09 12:21:07][0m Checking index health...
[1;33m[2025-09-09 12:21:07] ⚠[0m Found 50 unused indexes - consider reviewing
